android/app/build/outputs/logs/manifest-merger-debug-report.txt
-- Merging decision tree log ---
manifest
ADDED from src/main/AndroidManifest.xml:1:1-46:12
INJECTED from src/main/AndroidManifest.xml:1:1-46:12
INJECTED from src/main/AndroidManifest.xml:1:1-46:12
INJECTED from src/main/AndroidManifest.xml:1:1-46:12
MERGED from src/main/AndroidManifest.xml:1:1-46:12
MERGED from [:url_launcher] AndroidManifest.xml:2:1-14:12
MERGED from [:android_intent_plus] AndroidManifest.xml:2:1-7:12
MERGED from [androidx.fragment:fragment:1.1.0] AndroidManifest.xml:17:1-24:12
MERGED from [androidx.activity:activity:1.0.0] AndroidManifest.xml:17:1-24:12
MERGED from [androidx.viewpager:viewpager:1.0.0] AndroidManifest.xml:17:1-22:12
MERGED from [androidx.loader:loader:1.0.0] AndroidManifest.xml:17:1-22:12
MERGED from [androidx.customview:customview:1.0.0] AndroidManifest.xml:17:1-22:12
MERGED from [androidx.core:core:1.1.0] AndroidManifest.xml:17:1-26:12
MERGED from [androidx.lifecycle:lifecycle-runtime:2.2.0] AndroidManifest.xml:17:1-24:12
MERGED from [androidx.savedstate:savedstate:1.0.0] AndroidManifest.xml:17:1-24:12
MERGED from [androidx.lifecycle:lifecycle-livedata:2.0.0] AndroidManifest.xml:17:1-22:12
MERGED from [androidx.lifecycle:lifecycle-livedata-core:2.0.0] AndroidManifest.xml:17:1-22:12
MERGED from [androidx.arch.core:core-runtime:2.0.0] AndroidManifest.xml:17:1-22:12
MERGED from [androidx.versionedparcelable:versionedparcelable:1.1.0] AndroidManifest.xml:17:1-27:12
MERGED from [androidx.lifecycle:lifecycle-viewmodel:2.1.0] AndroidManifest.xml:17:1-22:12
INJECTED from src/debug/AndroidManifest.xml:1:1-7:12
INJECTED from src/debug/AndroidManifest.xml:1:1-7:12
INJECTED from src/debug/AndroidManifest.xml:1:1-7:12
	package
		ADDED from src/main/AndroidManifest.xml:2:5-44
		INJECTED from src/main/AndroidManifest.xml
		INJECTED from src/debug/AndroidManifest.xml
	android:versionName
		INJECTED from src/main/AndroidManifest.xml
		ADDED from src/main/AndroidManifest.xml:1:1-46:12
		INJECTED from src/debug/AndroidManifest.xml
	android:versionCode
		INJECTED from src/main/AndroidManifest.xml
		ADDED from src/main/AndroidManifest.xml:1:1-46:12
		INJECTED from src/debug/AndroidManifest.xml
	xmlns:android
		ADDED from src/main/AndroidManifest.xml:1:11-69
application
ADDED from src/main/AndroidManifest.xml:3:4-39:18
MERGED from [:url_launcher] AndroidManifest.xml:7:5-12:19
MERGED from [:url_launcher] AndroidManifest.xml:7:5-12:19
MERGED from [androidx.core:core:1.1.0] AndroidManifest.xml:24:5-89
MERGED from [androidx.core:core:1.1.0] AndroidManifest.xml:24:5-89
MERGED from [androidx.versionedparcelable:versionedparcelable:1.1.0] AndroidManifest.xml:24:5-25:19
MERGED from [androidx.versionedparcelable:versionedparcelable:1.1.0] AndroidManifest.xml:24:5-25:19
	android:appComponentFactory
		ADDED from [androidx.core:core:1.1.0] AndroidManifest.xml:24:18-86
	android:label
		ADDED from src/main/AndroidManifest.xml:4:9-42
	android:icon
		ADDED from src/main/AndroidManifest.xml:5:9-43
activity#com.example.chimimoryo_autumn.MainActivity
ADDED from src/main/AndroidManifest.xml:6:9-33:20
	android:launchMode
		ADDED from src/main/AndroidManifest.xml:8:13-43
	android:hardwareAccelerated
		ADDED from src/main/AndroidManifest.xml:11:13-47
	android:windowSoftInputMode
		ADDED from src/main/AndroidManifest.xml:12:13-55
	android:configChanges
		ADDED from src/main/AndroidManifest.xml:10:13-163
	android:theme
		ADDED from src/main/AndroidManifest.xml:9:13-47
	android:name
		ADDED from src/main/AndroidManifest.xml:7:13-41
meta-data#io.flutter.embedding.android.NormalTheme
ADDED from src/main/AndroidManifest.xml:17:13-20:17
	android:resource
		ADDED from src/main/AndroidManifest.xml:19:15-52
	android:name
		ADDED from src/main/AndroidManifest.xml:18:15-70
meta-data#io.flutter.embedding.android.SplashScreenDrawable
ADDED from src/main/AndroidManifest.xml:26:13-28:66
	android:resource
		ADDED from src/main/AndroidManifest.xml:28:17-63
	android:name
		ADDED from src/main/AndroidManifest.xml:27:17-81
intent-filter#action:name:android.intent.action.MAIN+category:name:android.intent.category.LAUNCHER
ADDED from src/main/AndroidManifest.xml:29:13-32:29
action#android.intent.action.MAIN
ADDED from src/main/AndroidManifest.xml:30:17-69
	android:name
		ADDED from src/main/AndroidManifest.xml:30:25-66
category#android.intent.category.LAUNCHER
ADDED from src/main/AndroidManifest.xml:31:17-77
	android:name
		ADDED from src/main/AndroidManifest.xml:31:27-74
meta-data#flutterEmbedding
ADDED from src/main/AndroidManifest.xml:36:8-38:32
	android:value
		ADDED from src/main/AndroidManifest.xml:38:12-29
	android:name
		ADDED from src/main/AndroidManifest.xml:37:12-43
queries
ADDED from src/main/AndroidManifest.xml:40:5-45:15
intent#action:name:android.intent.action.VIEW+data:scheme:https
ADDED from src/main/AndroidManifest.xml:41:9-44:18
action#android.intent.action.VIEW
ADDED from src/main/AndroidManifest.xml:42:13-65
	android:name
		ADDED from src/main/AndroidManifest.xml:42:21-62
data
ADDED from src/main/AndroidManifest.xml:43:13-44
	android:scheme
		ADDED from src/main/AndroidManifest.xml:43:19-41
uses-sdk
INJECTED from src/main/AndroidManifest.xml reason: use-sdk injection requested
INJECTED from src/main/AndroidManifest.xml
INJECTED from src/main/AndroidManifest.xml
MERGED from [:url_launcher] AndroidManifest.xml:5:5-44
MERGED from [:url_launcher] AndroidManifest.xml:5:5-44
MERGED from [:android_intent_plus] AndroidManifest.xml:5:5-44
MERGED from [:android_intent_plus] AndroidManifest.xml:5:5-44
MERGED from [androidx.fragment:fragment:1.1.0] AndroidManifest.xml:20:5-22:41
MERGED from [androidx.fragment:fragment:1.1.0] AndroidManifest.xml:20:5-22:41
MERGED from [androidx.activity:activity:1.0.0] AndroidManifest.xml:20:5-22:41
MERGED from [androidx.activity:activity:1.0.0] AndroidManifest.xml:20:5-22:41
MERGED from [androidx.viewpager:viewpager:1.0.0] AndroidManifest.xml:20:5-44
MERGED from [androidx.viewpager:viewpager:1.0.0] AndroidManifest.xml:20:5-44
MERGED from [androidx.loader:loader:1.0.0] AndroidManifest.xml:20:5-44
MERGED from [androidx.loader:loader:1.0.0] AndroidManifest.xml:20:5-44
MERGED from [androidx.customview:customview:1.0.0] AndroidManifest.xml:20:5-44
MERGED from [androidx.customview:customview:1.0.0] AndroidManifest.xml:20:5-44
MERGED from [androidx.core:core:1.1.0] AndroidManifest.xml:20:5-22:41
MERGED from [androidx.core:core:1.1.0] AndroidManifest.xml:20:5-22:41
MERGED from [androidx.lifecycle:lifecycle-runtime:2.2.0] AndroidManifest.xml:20:5-22:41
MERGED from [androidx.lifecycle:lifecycle-runtime:2.2.0] AndroidManifest.xml:20:5-22:41
MERGED from [androidx.savedstate:savedstate:1.0.0] AndroidManifest.xml:20:5-22:41
MERGED from [androidx.savedstate:savedstate:1.0.0] AndroidManifest.xml:20:5-22:41
MERGED from [androidx.lifecycle:lifecycle-livedata:2.0.0] AndroidManifest.xml:20:5-44
MERGED from [androidx.lifecycle:lifecycle-livedata:2.0.0] AndroidManifest.xml:20:5-44
MERGED from [androidx.lifecycle:lifecycle-livedata-core:2.0.0] AndroidManifest.xml:20:5-44
MERGED from [androidx.lifecycle:lifecycle-livedata-core:2.0.0] AndroidManifest.xml:20:5-44
MERGED from [androidx.arch.core:core-runtime:2.0.0] AndroidManifest.xml:20:5-44
MERGED from [androidx.arch.core:core-runtime:2.0.0] AndroidManifest.xml:20:5-44
MERGED from [androidx.versionedparcelable:versionedparcelable:1.1.0] AndroidManifest.xml:20:5-22:41
MERGED from [androidx.versionedparcelable:versionedparcelable:1.1.0] AndroidManifest.xml:20:5-22:41
MERGED from [androidx.lifecycle:lifecycle-viewmodel:2.1.0] AndroidManifest.xml:20:5-44
MERGED from [androidx.lifecycle:lifecycle-viewmodel:2.1.0] AndroidManifest.xml:20:5-44
INJECTED from src/debug/AndroidManifest.xml
INJECTED from src/debug/AndroidManifest.xml
	android:targetSdkVersion
		INJECTED from src/main/AndroidManifest.xml
		INJECTED from src/debug/AndroidManifest.xml
	android:minSdkVersion
		INJECTED from src/main/AndroidManifest.xml
		INJECTED from src/debug/AndroidManifest.xml
uses-permission#android.permission.INTERNET
ADDED from src/debug/AndroidManifest.xml:6:5-66
	android:name
		ADDED from src/debug/AndroidManifest.xml:6:22-64
activity#io.flutter.plugins.urllauncher.WebViewActivity
ADDED from [:url_launcher] AndroidManifest.xml:8:9-11:74
	android:exported
		ADDED from [:url_launcher] AndroidManifest.xml:10:13-37
	android:theme
		ADDED from [:url_launcher] AndroidManifest.xml:11:13-71
	android:name
		ADDED from [:url_launcher] AndroidManifest.xml:9:13-74